{
  "RSpec": {
    "coverage": {
      "/home/codio/workspace/project/app.rb": {
        "lines": [
          1,
          1,
          1,
          1,
          1,
          1,
          1,
          1,
          1,
          1,
          1,
          1,
          1,
          null,
          null,
          0,
          0,
          null,
          null,
          null,
          0,
          null,
          null,
          0,
          0,
          null,
          null,
          null,
          0
        ]
      }
    },
    "timestamp": 1683887801
  }
}
